npm warn Unknown project config "public-hoist-pattern". This will stop working in the next major version of npm.

> build
> vite build

11:55:27 AM [vite] warning: `esbuild` option was specified by "vite:react-babel" plugin. This option is deprecated, please use `oxc` instead.
`optimizeDeps.rollupOptions` / `ssr.optimizeDeps.rollupOptions` is deprecated. Use `optimizeDeps.rolldownOptions` instead. Note that this option may be set by a plugin. Set VITE_DEPRECATION_TRACE=1 to see where it is called.
[vite:react-babel] We recommend switching to `@vitejs/plugin-react-oxc` for improved performance. More information at https://vite.dev/rolldown
vite v8.0.3 building client environment for production...
[2Ktransforming...✓ 1331 modules transformed.
✗ Build failed in 348ms
error during build:
Build failed with 1 error:

[plugin vite:css] /opt/lampp/htdocs/expense_tracker/resources/css/app.css:1:0
CssSyntaxError: [postcss] postcss-import: /opt/lampp/htdocs/expense_tracker/node_modules/tailwindcss/lib/index.js:1:1: Unknown word "use strict"
    at Input.error (/opt/lampp/htdocs/expense_tracker/node_modules/postcss/lib/input.js:135:16)
    at Parser.unknownWord (/opt/lampp/htdocs/expense_tracker/node_modules/postcss/lib/parser.js:595:22)
    at Parser.other (/opt/lampp/htdocs/expense_tracker/node_modules/postcss/lib/parser.js:437:12)
    at Parser.parse (/opt/lampp/htdocs/expense_tracker/node_modules/postcss/lib/parser.js:472:16)
    at parse (/opt/lampp/htdocs/expense_tracker/node_modules/postcss/lib/parse.js:11:12)
    at get root (/opt/lampp/htdocs/expense_tracker/node_modules/postcss/lib/no-work-result.js:43:14)
    at Result.get [as root] (/opt/lampp/htdocs/expense_tracker/node_modules/postcss/lib/no-work-result.js:76:21)
    at loadImportContent (file:///opt/lampp/htdocs/expense_tracker/node_modules/vite/dist/node/chunks/postcss-import.js:399:33)
    at async Promise.all (index 0)
    at async resolveImportId (file:///opt/lampp/htdocs/expense_tracker/node_modules/vite/dist/node/chunks/postcss-import.js:378:20)
    at aggregateBindingErrorsIntoJsError (file:///opt/lampp/htdocs/expense_tracker/node_modules/rolldown/dist/shared/error-BLhcSyeg.mjs:48:18)
    at unwrapBindingResult (file:///opt/lampp/htdocs/expense_tracker/node_modules/rolldown/dist/shared/error-BLhcSyeg.mjs:18:128)
    at #build (file:///opt/lampp/htdocs/expense_tracker/node_modules/rolldown/dist/shared/rolldown-build-CPrIX9V6.mjs:3313:34)
    at async buildEnvironment (file:///opt/lampp/htdocs/expense_tracker/node_modules/vite/dist/node/chunks/node.js:32849:64)
    at async Object.build (file:///opt/lampp/htdocs/expense_tracker/node_modules/vite/dist/node/chunks/node.js:33271:19)
    at async Object.buildApp (file:///opt/lampp/htdocs/expense_tracker/node_modules/vite/dist/node/chunks/node.js:33268:153)
    at async CAC.<anonymous> (file:///opt/lampp/htdocs/expense_tracker/node_modules/vite/dist/node/cli.js:778:3) {
  errors: [Getter/Setter]
}
