npm warn Unknown project config "public-hoist-pattern". This will stop working in the next major version of npm.

> build
> vite build

vite v8.0.8 building client environment for production...
[2Ktransforming...✓ 3025 modules transformed.
✗ Build failed in 367ms
error during build:
Build failed with 3 errors:

[31m[UNLOADABLE_DEPENDENCY] Error:[0m Could not load ../../../../resources/js/actions/App/Http/Controllers/Settings/ProfileController
   [38;5;246m╭[0m[38;5;246m─[0m[38;5;246m[[0m resources/js/pages/settings/profile.tsx:3:31 [38;5;246m][0m
   [38;5;246m│[0m
 [38;5;246m3 │[0m [38;5;249mi[0m[38;5;249mm[0m[38;5;249mp[0m[38;5;249mo[0m[38;5;249mr[0m[38;5;249mt[0m[38;5;249m [0m[38;5;249mP[0m[38;5;249mr[0m[38;5;249mo[0m[38;5;249mf[0m[38;5;249mi[0m[38;5;249ml[0m[38;5;249me[0m[38;5;249mC[0m[38;5;249mo[0m[38;5;249mn[0m[38;5;249mt[0m[38;5;249mr[0m[38;5;249mo[0m[38;5;249ml[0m[38;5;249ml[0m[38;5;249me[0m[38;5;249mr[0m[38;5;249m [0m[38;5;249mf[0m[38;5;249mr[0m[38;5;249mo[0m[38;5;249mm[0m[38;5;249m [0m"@/actions/App/Http/Controllers/Settings/ProfileController"[38;5;249m;[0m
 [38;5;240m  │[0m                               ─────────────────────────────┬─────────────────────────────  
 [38;5;240m  │[0m                                                            ╰─────────────────────────────── No such file or directory (os error 2)
[38;5;246m───╯[0m

[31m[PARSE_ERROR] Error:[0m Duplicated export 'notice'
    [38;5;246m╭[0m[38;5;246m─[0m[38;5;246m[[0m resources/js/routes/verification/index.ts:7:14 [38;5;246m][0m
    [38;5;246m│[0m
 [38;5;246m 7 │[0m [38;5;249me[0m[38;5;249mx[0m[38;5;249mp[0m[38;5;249mo[0m[38;5;249mr[0m[38;5;249mt[0m[38;5;249m [0m[38;5;249mc[0m[38;5;249mo[0m[38;5;249mn[0m[38;5;249ms[0m[38;5;249mt[0m[38;5;249m [0mnotice[38;5;249m [0m[38;5;249m=[0m[38;5;249m [0m[38;5;249m([0m[38;5;249mo[0m[38;5;249mp[0m[38;5;249mt[0m[38;5;249mi[0m[38;5;249mo[0m[38;5;249mn[0m[38;5;249ms[0m[38;5;249m)[0m[38;5;249m [0m[38;5;249m=[0m[38;5;249m>[0m[38;5;249m [0m[38;5;249m([0m[38;5;249m{[0m
 [38;5;240m   │[0m              ───┬──  
 [38;5;240m   │[0m                 ╰──── Export has already been declared here
 [38;5;240m   │[0m 
 [38;5;246m46 │[0m [38;5;249me[0m[38;5;249mx[0m[38;5;249mp[0m[38;5;249mo[0m[38;5;249mr[0m[38;5;249mt[0m[38;5;249m [0m[38;5;249mc[0m[38;5;249mo[0m[38;5;249mn[0m[38;5;249ms[0m[38;5;249mt[0m[38;5;249m [0mnotice[38;5;249m [0m[38;5;249m=[0m[38;5;249m [0m[38;5;249m([0m[38;5;249mo[0m[38;5;249mp[0m[38;5;249mt[0m[38;5;249mi[0m[38;5;249mo[0m[38;5;249mn[0m[38;5;249ms[0m[38;5;249m)[0m[38;5;249m [0m[38;5;249m=[0m[38;5;249m>[0m[38;5;249m [0m[38;5;249m([0m[38;5;249m{[0m
 [38;5;240m   │[0m              ───┬──  
 [38;5;240m   │[0m                 ╰──── It cannot be redeclared here
[38;5;246m────╯[0m

[31m[PARSE_ERROR] Error:[0m Duplicated export 'verify'
     [38;5;246m╭[0m[38;5;246m─[0m[38;5;246m[[0m resources/js/routes/verification/index.ts:85:14 [38;5;246m][0m
     [38;5;246m│[0m
 [38;5;246m 85 │[0m [38;5;249me[0m[38;5;249mx[0m[38;5;249mp[0m[38;5;249mo[0m[38;5;249mr[0m[38;5;249mt[0m[38;5;249m [0m[38;5;249mc[0m[38;5;249mo[0m[38;5;249mn[0m[38;5;249ms[0m[38;5;249mt[0m[38;5;249m [0mverify[38;5;249m [0m[38;5;249m=[0m[38;5;249m [0m[38;5;249m([0m[38;5;249ma[0m[38;5;249mr[0m[38;5;249mg[0m[38;5;249ms[0m[38;5;249m,[0m[38;5;249m [0m[38;5;249mo[0m[38;5;249mp[0m[38;5;249mt[0m[38;5;249mi[0m[38;5;249mo[0m[38;5;249mn[0m[38;5;249ms[0m[38;5;249m)[0m[38;5;249m [0m[38;5;249m=[0m[38;5;249m>[0m[38;5;249m [0m[38;5;249m([0m[38;5;249m{[0m
 [38;5;240m    │[0m              ───┬──  
 [38;5;240m    │[0m                 ╰──── Export has already been declared here
 [38;5;240m    │[0m 
 [38;5;246m135 │[0m [38;5;249me[0m[38;5;249mx[0m[38;5;249mp[0m[38;5;249mo[0m[38;5;249mr[0m[38;5;249mt[0m[38;5;249m [0m[38;5;249mc[0m[38;5;249mo[0m[38;5;249mn[0m[38;5;249ms[0m[38;5;249mt[0m[38;5;249m [0mverify[38;5;249m [0m[38;5;249m=[0m[38;5;249m [0m[38;5;249m([0m[38;5;249ma[0m[38;5;249mr[0m[38;5;249mg[0m[38;5;249ms[0m[38;5;249m,[0m[38;5;249m [0m[38;5;249mo[0m[38;5;249mp[0m[38;5;249mt[0m[38;5;249mi[0m[38;5;249mo[0m[38;5;249mn[0m[38;5;249ms[0m[38;5;249m)[0m[38;5;249m [0m[38;5;249m=[0m[38;5;249m>[0m[38;5;249m [0m[38;5;249m([0m[38;5;249m{[0m
 [38;5;240m    │[0m              ───┬──  
 [38;5;240m    │[0m                 ╰──── It cannot be redeclared here
[38;5;246m─────╯[0m

    at aggregateBindingErrorsIntoJsError (file:///opt/lampp/htdocs/expense_tracker/node_modules/rolldown/dist/shared/error-w0u7biK-.mjs:48:18)
    at unwrapBindingResult (file:///opt/lampp/htdocs/expense_tracker/node_modules/rolldown/dist/shared/error-w0u7biK-.mjs:18:128)
    at #build (file:///opt/lampp/htdocs/expense_tracker/node_modules/rolldown/dist/shared/rolldown-build-DtGk-m96.mjs:3313:34)
    at async buildEnvironment (file:///opt/lampp/htdocs/expense_tracker/node_modules/vite/dist/node/chunks/node.js:32954:64)
    at async Object.build (file:///opt/lampp/htdocs/expense_tracker/node_modules/vite/dist/node/chunks/node.js:33376:19)
    at async Object.buildApp (file:///opt/lampp/htdocs/expense_tracker/node_modules/vite/dist/node/chunks/node.js:33373:153)
    at async CAC.<anonymous> (file:///opt/lampp/htdocs/expense_tracker/node_modules/vite/dist/node/cli.js:778:3) {
  errors: [Getter/Setter]
}
