npm warn Unknown project config "public-hoist-pattern". This will stop working in the next major version of npm.

> build
> vite build

11:42:14 AM [vite] warning: `esbuild` option was specified by "vite:react-babel" plugin. This option is deprecated, please use `oxc` instead.
`optimizeDeps.rollupOptions` / `ssr.optimizeDeps.rollupOptions` is deprecated. Use `optimizeDeps.rolldownOptions` instead. Note that this option may be set by a plugin. Set VITE_DEPRECATION_TRACE=1 to see where it is called.
[vite:react-babel] We recommend switching to `@vitejs/plugin-react-oxc` for improved performance. More information at https://vite.dev/rolldown
vite v8.0.3 building client environment for production...
[2Ktransforming...✓ 3265 modules transformed.
[lightningcss minify] Unknown at rule: @tailwind
1  |  @tailwind base;
   |           ^
2  |  @tailwind components;
3  |  @tailwind utilities;
[lightningcss minify] Unknown at rule: @tailwind
1  |  @tailwind base;
2  |  @tailwind components;
   |           ^
3  |  @tailwind utilities;
4  |  
[lightningcss minify] Unknown at rule: @tailwind
1  |  @tailwind base;
2  |  @tailwind components;
3  |  @tailwind utilities;
   |           ^
4  |  
rendering chunks...
✗ Build failed in 865ms
error during build:
Build failed with 1 error:

[31m[MISSING_EXPORT] Error:[0m "useHttp" is not exported by "node_modules/@inertiajs/react/dist/index.esm.js".
   [38;5;246m╭[0m[38;5;246m─[0m[38;5;246m[[0m resources/js/hooks/use-two-factor-auth.ts:1:10 [38;5;246m][0m
   [38;5;246m│[0m
 [38;5;246m1 │[0m [38;5;249mi[0m[38;5;249mm[0m[38;5;249mp[0m[38;5;249mo[0m[38;5;249mr[0m[38;5;249mt[0m[38;5;249m [0m[38;5;249m{[0m[38;5;249m [0museHttp[38;5;249m [0m[38;5;249m}[0m[38;5;249m [0m[38;5;249mf[0m[38;5;249mr[0m[38;5;249mo[0m[38;5;249mm[0m[38;5;249m [0m[38;5;249m"[0m[38;5;249m@[0m[38;5;249mi[0m[38;5;249mn[0m[38;5;249me[0m[38;5;249mr[0m[38;5;249mt[0m[38;5;249mi[0m[38;5;249ma[0m[38;5;249mj[0m[38;5;249ms[0m[38;5;249m/[0m[38;5;249mr[0m[38;5;249me[0m[38;5;249ma[0m[38;5;249mc[0m[38;5;249mt[0m[38;5;249m"[0m[38;5;249m;[0m
 [38;5;240m  │[0m          ───┬───  
 [38;5;240m  │[0m             ╰───── Missing export
[38;5;246m───╯[0m

    at aggregateBindingErrorsIntoJsError (file:///opt/lampp/htdocs/expense_tracker/node_modules/rolldown/dist/shared/error-BLhcSyeg.mjs:48:18)
    at unwrapBindingResult (file:///opt/lampp/htdocs/expense_tracker/node_modules/rolldown/dist/shared/error-BLhcSyeg.mjs:18:128)
    at #build (file:///opt/lampp/htdocs/expense_tracker/node_modules/rolldown/dist/shared/rolldown-build-CPrIX9V6.mjs:3313:34)
    at async buildEnvironment (file:///opt/lampp/htdocs/expense_tracker/node_modules/vite/dist/node/chunks/node.js:32849:64)
    at async Object.build (file:///opt/lampp/htdocs/expense_tracker/node_modules/vite/dist/node/chunks/node.js:33271:19)
    at async Object.buildApp (file:///opt/lampp/htdocs/expense_tracker/node_modules/vite/dist/node/chunks/node.js:33268:153)
    at async CAC.<anonymous> (file:///opt/lampp/htdocs/expense_tracker/node_modules/vite/dist/node/cli.js:778:3) {
  errors: [Getter/Setter]
}
